<?xml version="1.0" encoding="UTF-8"?>
<!-- Generated by org.testng.reporters.JUnitXMLReporter -->
<testsuite ignored="0" hostname="RRS.local" failures="0" tests="13" name="Default test" time="0.312" errors="0" timestamp="2023-03-14T23:51:21 IST">
  <testcase classname="testClasses.BaseClass" name="@BeforeTest beforeClass" time="-1.678818076059E9">
    <failure type="org.testng.TestNGException" message="
Parameter &amp;apos;browser&amp;apos; is required by BeforeTest on method beforeClass but has not been marked @Optional or defined
in /private/var/folders/w5/0p1pln4129dccv0h13p9q2bc0000gn/T/testng-eclipse-1151257611/testng-customsuite.xml">
      <![CDATA[org.testng.TestNGException: 
Parameter 'browser' is required by BeforeTest on method beforeClass but has not been marked @Optional or defined
in /private/var/folders/w5/0p1pln4129dccv0h13p9q2bc0000gn/T/testng-eclipse-1151257611/testng-customsuite.xml
at org.testng.internal.Parameters.createParams(Parameters.java:267)
at org.testng.internal.Parameters.createParametersForMethod(Parameters.java:355)
at org.testng.internal.Parameters.createParameters(Parameters.java:684)
at org.testng.internal.Parameters.createConfigurationParameters(Parameters.java:166)
at org.testng.internal.invokers.ConfigInvoker.invokeConfigurations(ConfigInvoker.java:277)
at org.testng.TestRunner.invokeTestConfigurations(TestRunner.java:644)
at org.testng.TestRunner.beforeRun(TestRunner.java:633)
at org.testng.TestRunner.run(TestRunner.java:595)
at org.testng.SuiteRunner.runTest(SuiteRunner.java:437)
at org.testng.SuiteRunner.runSequentially(SuiteRunner.java:431)
at org.testng.SuiteRunner.privateRun(SuiteRunner.java:391)
at org.testng.SuiteRunner.run(SuiteRunner.java:330)
at org.testng.SuiteRunnerWorker.runSuite(SuiteRunnerWorker.java:52)
at org.testng.SuiteRunnerWorker.run(SuiteRunnerWorker.java:95)
at org.testng.TestNG.runSuitesSequentially(TestNG.java:1256)
at org.testng.TestNG.runSuitesLocally(TestNG.java:1176)
at org.testng.TestNG.runSuites(TestNG.java:1099)
at org.testng.TestNG.run(TestNG.java:1067)
at org.testng.remote.AbstractRemoteTestNG.run(AbstractRemoteTestNG.java:115)
at org.testng.remote.RemoteTestNG.initAndRun(RemoteTestNG.java:251)
at org.testng.remote.RemoteTestNG.main(RemoteTestNG.java:77)
]]>
    </failure>
  </testcase> <!-- @BeforeTest beforeClass -->
  <testcase classname="testClasses.TestCases" name="@BeforeMethod beforemethod" time="0.0">
    <skipped/>
  </testcase> <!-- @BeforeMethod beforemethod -->
  <testcase classname="testClasses.BaseClass" name="@AfterMethod aftermethod" time="0.0">
    <skipped/>
  </testcase> <!-- @AfterMethod aftermethod -->
  <testcase classname="testClasses.TestCases" name="@BeforeMethod beforemethod" time="0.0">
    <skipped/>
  </testcase> <!-- @BeforeMethod beforemethod -->
  <testcase classname="testClasses.BaseClass" name="@AfterMethod aftermethod" time="0.0">
    <skipped/>
  </testcase> <!-- @AfterMethod aftermethod -->
  <testcase classname="testClasses.TestCases" name="@BeforeMethod beforemethod" time="0.0">
    <skipped/>
  </testcase> <!-- @BeforeMethod beforemethod -->
  <testcase classname="testClasses.BaseClass" name="@AfterMethod aftermethod" time="0.0">
    <skipped/>
  </testcase> <!-- @AfterMethod aftermethod -->
  <testcase classname="testClasses.TestCases" name="@BeforeMethod beforemethod" time="0.0">
    <skipped/>
  </testcase> <!-- @BeforeMethod beforemethod -->
  <testcase classname="testClasses.BaseClass" name="@AfterMethod aftermethod" time="0.0">
    <skipped/>
  </testcase> <!-- @AfterMethod aftermethod -->
  <testcase classname="testClasses.TestCases" name="@BeforeMethod beforemethod" time="0.0">
    <skipped/>
  </testcase> <!-- @BeforeMethod beforemethod -->
  <testcase classname="testClasses.BaseClass" name="@AfterMethod aftermethod" time="0.0">
    <skipped/>
  </testcase> <!-- @AfterMethod aftermethod -->
  <testcase classname="testClasses.TestCases" name="@BeforeMethod beforemethod" time="0.0">
    <skipped/>
  </testcase> <!-- @BeforeMethod beforemethod -->
  <testcase classname="testClasses.BaseClass" name="@AfterMethod aftermethod" time="0.0">
    <skipped/>
  </testcase> <!-- @AfterMethod aftermethod -->
  <testcase classname="testClasses.TestCases" name="@BeforeMethod beforemethod" time="0.0">
    <skipped/>
  </testcase> <!-- @BeforeMethod beforemethod -->
  <testcase classname="testClasses.BaseClass" name="@AfterMethod aftermethod" time="0.0">
    <skipped/>
  </testcase> <!-- @AfterMethod aftermethod -->
  <testcase classname="testClasses.TestCases" name="@BeforeMethod beforemethod" time="0.0">
    <skipped/>
  </testcase> <!-- @BeforeMethod beforemethod -->
  <testcase classname="testClasses.BaseClass" name="@AfterMethod aftermethod" time="0.0">
    <skipped/>
  </testcase> <!-- @AfterMethod aftermethod -->
  <testcase classname="testClasses.TestCases" name="@BeforeMethod beforemethod" time="0.0">
    <skipped/>
  </testcase> <!-- @BeforeMethod beforemethod -->
  <testcase classname="testClasses.BaseClass" name="@AfterMethod aftermethod" time="0.0">
    <skipped/>
  </testcase> <!-- @AfterMethod aftermethod -->
  <testcase classname="testClasses.TestCases" name="@BeforeMethod beforemethod" time="0.0">
    <skipped/>
  </testcase> <!-- @BeforeMethod beforemethod -->
  <testcase classname="testClasses.BaseClass" name="@AfterMethod aftermethod" time="0.0">
    <skipped/>
  </testcase> <!-- @AfterMethod aftermethod -->
  <testcase classname="testClasses.BaseClass" name="@AfterClass afterclass" time="0.0">
    <skipped/>
  </testcase> <!-- @AfterClass afterclass -->
  <testcase classname="testClasses.TestCases" name="verify_Title" time="0.0">
    <skipped/>
  </testcase> <!-- verify_Title -->
  <testcase classname="testClasses.TestCases" name="verify_Logo" time="0.0">
    <skipped/>
  </testcase> <!-- verify_Logo -->
  <testcase classname="testClasses.TestCases" name="verify_Login_Fails_Error_Message" time="0.0">
    <skipped/>
  </testcase> <!-- verify_Login_Fails_Error_Message -->
  <testcase classname="testClasses.TestCases" name="verify_Empty_Credentials" time="0.0">
    <skipped/>
  </testcase> <!-- verify_Empty_Credentials -->
  <testcase classname="testClasses.TestCases" name="verify_Invalid_Credentials" time="0.0">
    <skipped/>
  </testcase> <!-- verify_Invalid_Credentials -->
  <testcase classname="testClasses.TestCases" name="verify_Valid_Credentials" time="0.0">
    <skipped/>
  </testcase> <!-- verify_Valid_Credentials -->
  <testcase classname="testClasses.TestCases" name="verify_Search_With_All_Tabs" time="0.0">
    <skipped/>
  </testcase> <!-- verify_Search_With_All_Tabs -->
  <testcase classname="testClasses.TestCases" name="verify_Tabs_Colspan" time="0.0">
    <skipped/>
  </testcase> <!-- verify_Tabs_Colspan -->
  <testcase classname="testClasses.TestCases" name="verify_All_links_DashBoard" time="0.0">
    <skipped/>
  </testcase> <!-- verify_All_links_DashBoard -->
  <testcase classname="testClasses.TestCases" name="verify_Dash_Profile_About_PopupURL" time="0.0">
    <skipped/>
  </testcase> <!-- verify_Dash_Profile_About_PopupURL -->
  <testcase classname="testClasses.TestCases" name="verify_Dash_Profile_SupportPageURL" time="0.0">
    <skipped/>
  </testcase> <!-- verify_Dash_Profile_SupportPageURL -->
  <testcase classname="testClasses.TestCases" name="verify_Dash_Profile_ChangePasswordURL" time="0.0">
    <skipped/>
  </testcase> <!-- verify_Dash_Profile_ChangePasswordURL -->
  <testcase classname="testClasses.TestCases" name="verify_DashBoard_Logout_Functionality" time="0.0">
    <skipped/>
  </testcase> <!-- verify_DashBoard_Logout_Functionality -->
</testsuite> <!-- Default test -->
