<?xml version="1.0" encoding="UTF-8"?>
<!-- Generated by org.testng.reporters.JUnitXMLReporter -->
<testsuite ignored="0" hostname="RRS.local" failures="0" tests="13" name="browser" time="0.834" errors="0" timestamp="2023-03-10T16:00:15 IST">
  <testcase classname="testClasses.BaseClass" name="@BeforeTest beforeClass" time="0.609">
    <failure type="java.lang.NullPointerException" message="Cannot invoke &amp;quot;org.openqa.selenium.WebDriver.manage()&amp;quot; because &amp;quot;utilities.StaticBrowser.driver&amp;quot; is null">
      <![CDATA[java.lang.NullPointerException: Cannot invoke "org.openqa.selenium.WebDriver.manage()" because "utilities.StaticBrowser.driver" is null
at utilities.StaticBrowser.anybrowseropen(StaticBrowser.java:24)
at testClasses.BaseClass.beforeClass(BaseClass.java:14)
... Removed 22 stack frames]]>
    </failure>
  </testcase> <!-- @BeforeTest beforeClass -->
  <testcase classname="testClasses.TestCases" name="@BeforeMethod beforeClass" time="0.0">
    <skipped/>
  </testcase> <!-- @BeforeMethod beforeClass -->
  <testcase classname="testClasses.TestCases" name="@BeforeMethod beforeClass" time="0.0">
    <skipped/>
  </testcase> <!-- @BeforeMethod beforeClass -->
  <testcase classname="testClasses.TestCases" name="@BeforeMethod beforeClass" time="0.0">
    <skipped/>
  </testcase> <!-- @BeforeMethod beforeClass -->
  <testcase classname="testClasses.TestCases" name="@BeforeMethod beforeClass" time="0.0">
    <skipped/>
  </testcase> <!-- @BeforeMethod beforeClass -->
  <testcase classname="testClasses.TestCases" name="@BeforeMethod beforeClass" time="0.0">
    <skipped/>
  </testcase> <!-- @BeforeMethod beforeClass -->
  <testcase classname="testClasses.TestCases" name="@BeforeMethod beforeClass" time="0.0">
    <skipped/>
  </testcase> <!-- @BeforeMethod beforeClass -->
  <testcase classname="testClasses.TestCases" name="@BeforeMethod beforeClass" time="0.0">
    <skipped/>
  </testcase> <!-- @BeforeMethod beforeClass -->
  <testcase classname="testClasses.TestCases" name="@BeforeMethod beforeClass" time="0.0">
    <skipped/>
  </testcase> <!-- @BeforeMethod beforeClass -->
  <testcase classname="testClasses.TestCases" name="@BeforeMethod beforeClass" time="0.0">
    <skipped/>
  </testcase> <!-- @BeforeMethod beforeClass -->
  <testcase classname="testClasses.TestCases" name="@BeforeMethod beforeClass" time="0.0">
    <skipped/>
  </testcase> <!-- @BeforeMethod beforeClass -->
  <testcase classname="testClasses.TestCases" name="@AfterClass afterclass" time="0.0">
    <skipped/>
  </testcase> <!-- @AfterClass afterclass -->
  <testcase classname="testClasses.TestCases" name="verify_Title" time="0.0">
    <skipped/>
  </testcase> <!-- verify_Title -->
  <testcase classname="testClasses.TestCases" name="verify_Logo" time="0.0">
    <skipped/>
  </testcase> <!-- verify_Logo -->
  <testcase classname="testClasses.TestCases" name="verify_Login_Fails_Error_Message" time="0.01">
    <skipped/>
  </testcase> <!-- verify_Login_Fails_Error_Message -->
  <testcase classname="testClasses.TestCases" name="verify_Empty_Credentials" time="0.001">
    <skipped/>
  </testcase> <!-- verify_Empty_Credentials -->
  <testcase classname="testClasses.TestCases" name="verify_Invalid_Credentials" time="0.0">
    <skipped/>
  </testcase> <!-- verify_Invalid_Credentials -->
  <testcase classname="testClasses.TestCases" name="verify_Valid_Credentials" time="0.0">
    <skipped/>
  </testcase> <!-- verify_Valid_Credentials -->
  <testcase classname="testClasses.TestCases" name="verify_Search_With_All_Tabs" time="0.0">
    <skipped/>
  </testcase> <!-- verify_Search_With_All_Tabs -->
  <testcase classname="testClasses.TestCases" name="verify_Tabs_Colspan" time="0.0">
    <skipped/>
  </testcase> <!-- verify_Tabs_Colspan -->
  <testcase classname="testClasses.TestCases" name="verify_All_links_DashBoard" time="0.0">
    <skipped/>
  </testcase> <!-- verify_All_links_DashBoard -->
  <testcase classname="testClasses.TestCases" name="verify_Dash_Profile_About_PopupURL" time="0.0">
    <skipped/>
  </testcase> <!-- verify_Dash_Profile_About_PopupURL -->
  <testcase classname="testClasses.TestCases" name="verify_Dash_Profile_SupportPageURL" time="0.001">
    <skipped/>
  </testcase> <!-- verify_Dash_Profile_SupportPageURL -->
  <testcase classname="testClasses.TestCases" name="verify_Dash_Profile_ChangePasswordURL" time="0.0">
    <skipped/>
  </testcase> <!-- verify_Dash_Profile_ChangePasswordURL -->
  <testcase classname="testClasses.TestCases" name="verify_DashBoard_Logout_Functionality" time="0.0">
    <skipped/>
  </testcase> <!-- verify_DashBoard_Logout_Functionality -->
</testsuite> <!-- browser -->
