<?xml version="1.0" encoding="UTF-8"?>
<!-- Generated by org.testng.reporters.JUnitXMLReporter -->
<testsuite ignored="0" hostname="RRS.local" failures="3" tests="13" name="chrome" time="37.494" errors="0" timestamp="2023-04-16T15:19:41 IST">
  <testcase classname="testClasses.TestCases" name="verify_Title" time="1.32"/>
  <testcase classname="testClasses.TestCases" name="verify_Logo" time="0.227">
    <failure type="java.io.FileNotFoundException" message="src/test/resources/screenshots/Sun Apr 16 15 19 11 IST 2023Logo Visible.png (No such file or directory)">
      <![CDATA[java.io.FileNotFoundException: src/test/resources/screenshots/Sun Apr 16 15 19 11 IST 2023Logo Visible.png (No such file or directory)
at java.base/java.io.FileOutputStream.open0(Native Method)
at java.base/java.io.FileOutputStream.open(FileOutputStream.java:295)
at java.base/java.io.FileOutputStream.<init>(FileOutputStream.java:236)
at java.base/java.io.FileOutputStream.<init>(FileOutputStream.java:185)
at org.openqa.selenium.io.FileHandler.copyFile(FileHandler.java:136)
at org.openqa.selenium.io.FileHandler.copy(FileHandler.java:115)
at utilities.CaptureScreenShot.takescreenshot(CaptureScreenShot.java:18)
at pomPages.LoginPage.verifylogoimage(LoginPage.java:69)
at testClasses.TestCases.verify_Logo(TestCases.java:76)
at java.base/java.util.ArrayList.forEach(ArrayList.java:1511)
... Removed 25 stack frames]]>
    </failure>
  </testcase> <!-- verify_Logo -->
  <testcase classname="testClasses.TestCases" name="verify_Login_Fails_Error_Message" time="2.045">
    <failure type="java.io.FileNotFoundException" message="src/test/resources/screenshots/Sun Apr 16 15 19 13 IST 2023Invalid Login.png (No such file or directory)">
      <![CDATA[java.io.FileNotFoundException: src/test/resources/screenshots/Sun Apr 16 15 19 13 IST 2023Invalid Login.png (No such file or directory)
at java.base/java.io.FileOutputStream.open0(Native Method)
at java.base/java.io.FileOutputStream.open(FileOutputStream.java:295)
at java.base/java.io.FileOutputStream.<init>(FileOutputStream.java:236)
at java.base/java.io.FileOutputStream.<init>(FileOutputStream.java:185)
at org.openqa.selenium.io.FileHandler.copyFile(FileHandler.java:136)
at org.openqa.selenium.io.FileHandler.copy(FileHandler.java:115)
at utilities.CaptureScreenShot.takescreenshot(CaptureScreenShot.java:18)
at pomPages.LoginPage.ErrorMessage(LoginPage.java:62)
at testClasses.TestCases.verify_Login_Fails_Error_Message(TestCases.java:67)
at java.base/java.util.ArrayList.forEach(ArrayList.java:1511)
... Removed 25 stack frames]]>
    </failure>
  </testcase> <!-- verify_Login_Fails_Error_Message -->
  <testcase classname="testClasses.TestCases" name="verify_Empty_Credentials" time="0.341"/>
  <testcase classname="testClasses.TestCases" name="verify_Invalid_Credentials" time="1.247"/>
  <testcase classname="testClasses.TestCases" name="verify_Valid_Credentials" time="2.178"/>
  <testcase classname="testClasses.TestCases" name="verify_Search_With_All_Tabs" time="12.06"/>
  <testcase classname="testClasses.TestCases" name="verify_Tabs_Colspan" time="0.217"/>
  <testcase classname="testClasses.TestCases" name="verify_All_links_DashBoard" time="0.9">
    <failure type="java.lang.AssertionError" message="expected [https://opensource-demo.orangehrmlive.com/web/index.php/attendance/punchOut] but found [https://opensource-demo.orangehrmlive.com/web/index.php/attendance/punchIn]">
      <![CDATA[java.lang.AssertionError: expected [https://opensource-demo.orangehrmlive.com/web/index.php/attendance/punchOut] but found [https://opensource-demo.orangehrmlive.com/web/index.php/attendance/punchIn]
at testClasses.TestCases.verify_All_links_DashBoard(TestCases.java:150)
at java.base/java.util.ArrayList.forEach(ArrayList.java:1511)
... Removed 31 stack frames]]>
    </failure>
  </testcase> <!-- verify_All_links_DashBoard -->
  <testcase classname="testClasses.TestCases" name="verify_Dash_Profile_About_PopupURL" time="1.445"/>
  <testcase classname="testClasses.TestCases" name="verify_Dash_Profile_SupportPageURL" time="1.146"/>
  <testcase classname="testClasses.TestCases" name="verify_Dash_Profile_ChangePasswordURL" time="1.164"/>
  <testcase classname="testClasses.TestCases" name="verify_DashBoard_Logout_Functionality" time="1.403"/>
</testsuite> <!-- chrome -->
