<?xml version="1.0" encoding="UTF-8"?>
<!-- Generated by org.testng.reporters.JUnitXMLReporter -->
<testsuite ignored="0" hostname="RRS.local" failures="2" tests="13" name="firefox" time="182.728" errors="0" timestamp="2023-04-13T16:10:48 IST">
  <testcase classname="testClasses.TestCases" name="verify_Title" time="0.078"/>
  <testcase classname="testClasses.TestCases" name="verify_Logo" time="1.963">
    <failure type="java.io.FileNotFoundException" message="src/test/resources/screenshots/Thu Apr 13 16 09 25 IST 2023Logo Visible.png (No such file or directory)">
      <![CDATA[java.io.FileNotFoundException: src/test/resources/screenshots/Thu Apr 13 16 09 25 IST 2023Logo Visible.png (No such file or directory)
at java.base/java.io.FileOutputStream.open0(Native Method)
at java.base/java.io.FileOutputStream.open(FileOutputStream.java:295)
at java.base/java.io.FileOutputStream.<init>(FileOutputStream.java:236)
at java.base/java.io.FileOutputStream.<init>(FileOutputStream.java:185)
at org.openqa.selenium.io.FileHandler.copyFile(FileHandler.java:136)
at org.openqa.selenium.io.FileHandler.copy(FileHandler.java:115)
at utilities.CaptureScreenShot.takescreenshot(CaptureScreenShot.java:18)
at pomPages.LoginPage.verifylogoimage(LoginPage.java:69)
at testClasses.TestCases.verify_Logo(TestCases.java:76)
at java.base/java.util.ArrayList.forEach(ArrayList.java:1511)
... Removed 25 stack frames]]>
    </failure>
  </testcase> <!-- verify_Logo -->
  <testcase classname="testClasses.TestCases" name="verify_Login_Fails_Error_Message" time="3.508">
    <failure type="java.io.FileNotFoundException" message="src/test/resources/screenshots/Thu Apr 13 16 09 29 IST 2023Invalid Login.png (No such file or directory)">
      <![CDATA[java.io.FileNotFoundException: src/test/resources/screenshots/Thu Apr 13 16 09 29 IST 2023Invalid Login.png (No such file or directory)
at java.base/java.io.FileOutputStream.open0(Native Method)
at java.base/java.io.FileOutputStream.open(FileOutputStream.java:295)
at java.base/java.io.FileOutputStream.<init>(FileOutputStream.java:236)
at java.base/java.io.FileOutputStream.<init>(FileOutputStream.java:185)
at org.openqa.selenium.io.FileHandler.copyFile(FileHandler.java:136)
at org.openqa.selenium.io.FileHandler.copy(FileHandler.java:115)
at utilities.CaptureScreenShot.takescreenshot(CaptureScreenShot.java:18)
at pomPages.LoginPage.ErrorMessage(LoginPage.java:62)
at testClasses.TestCases.verify_Login_Fails_Error_Message(TestCases.java:67)
at java.base/java.util.ArrayList.forEach(ArrayList.java:1511)
... Removed 25 stack frames]]>
    </failure>
  </testcase> <!-- verify_Login_Fails_Error_Message -->
  <testcase classname="testClasses.TestCases" name="verify_Empty_Credentials" time="0.578"/>
  <testcase classname="testClasses.TestCases" name="verify_Invalid_Credentials" time="2.1"/>
  <testcase classname="testClasses.TestCases" name="verify_Valid_Credentials" time="3.274"/>
  <testcase classname="testClasses.TestCases" name="verify_Search_With_All_Tabs" time="20.986"/>
  <testcase classname="testClasses.TestCases" name="verify_Tabs_Colspan" time="0.267"/>
  <testcase classname="testClasses.TestCases" name="verify_All_links_DashBoard" time="29.772"/>
  <testcase classname="testClasses.TestCases" name="verify_Dash_Profile_About_PopupURL" time="2.937"/>
  <testcase classname="testClasses.TestCases" name="verify_Dash_Profile_SupportPageURL" time="4.0"/>
  <testcase classname="testClasses.TestCases" name="verify_Dash_Profile_ChangePasswordURL" time="3.311"/>
  <testcase classname="testClasses.TestCases" name="verify_DashBoard_Logout_Functionality" time="3.728"/>
</testsuite> <!-- firefox -->
